[    0.000000] Linux version 4.15.0-52-generic (buildd@lgw01-amd64-051) (gcc version 7.3.0 (Ubuntu 7.3.0-16ubuntu3)) #56-Ubuntu SMP Tue Jun 4 22:49:08 UTC 2019 (Ubuntu 4.15.0-52.56-generic 4.15.18)
[    0.000000] Command line: BOOT_IMAGE=/boot/vmlinuz-4.15.0-52-generic root=LABEL=cloudimg-rootfs ro console=tty1 console=ttyS0
[    0.000000] KERNEL supported cpus:
[    0.000000]   Intel GenuineIntel
[    0.000000]   AMD AuthenticAMD
[    0.000000]   Centaur CentaurHauls
[    0.000000] x86/fpu: Supporting XSAVE feature 0x001: 'x87 floating point registers'
[    0.000000] x86/fpu: Supporting XSAVE feature 0x002: 'SSE registers'
[    0.000000] x86/fpu: Supporting XSAVE feature 0x004: 'AVX registers'
[    0.000000] x86/fpu: xstate_offset[2]:  576, xstate_sizes[2]:  256
[    0.000000] x86/fpu: Enabled xstate features 0x7, context size is 832 bytes, using 'standard' format.
[    0.000000] e820: BIOS-provided physical RAM map:
[    0.000000] BIOS-e820: [mem 0x0000000000000000-0x000000000009fbff] usable
[    0.000000] BIOS-e820: [mem 0x000000000009fc00-0x000000000009ffff] reserved
[    0.000000] BIOS-e820: [mem 0x00000000000f0000-0x00000000000fffff] reserved
[    0.000000] BIOS-e820: [mem 0x0000000000100000-0x000000007ffeffff] usable
[    0.000000] BIOS-e820: [mem 0x000000007fff0000-0x000000007fffffff] ACPI data
[    0.000000] BIOS-e820: [mem 0x00000000fec00000-0x00000000fec00fff] reserved
[    0.000000] BIOS-e820: [mem 0x00000000fee00000-0x00000000fee00fff] reserved
[    0.000000] BIOS-e820: [mem 0x00000000fffc0000-0x00000000ffffffff] reserved
[    0.000000] NX (Execute Disable) protection: active
[    0.000000] SMBIOS 2.5 present.
[    0.000000] DMI: innotek GmbH VirtualBox/VirtualBox, BIOS VirtualBox 12/01/2006
[    0.000000] Hypervisor detected: KVM
[    0.000000] e820: last_pfn = 0x7fff0 max_arch_pfn = 0x400000000
[    0.000000] MTRR: Disabled
[    0.000000] x86/PAT: MTRRs disabled, skipping PAT initialization too.
[    0.000000] CPU MTRRs all blank - virtualized system.
[    0.000000] x86/PAT: Configuration [0-7]: WB  WT  UC- UC  WB  WT  UC- UC  
[    0.000000] found SMP MP-table at [mem 0x0009fff0-0x0009ffff] mapped at [        (ptrval)]
[    0.000000] Scanning 1 areas for low memory corruption
[    0.000000] RAMDISK: [mem 0x35a95000-0x36d41fff]
[    0.000000] ACPI: Early table checksum verification disabled
[    0.000000] ACPI: RSDP 0x00000000000E0000 000024 (v02 VBOX  )
[    0.000000] ACPI: XSDT 0x000000007FFF0030 00003C (v01 VBOX   VBOXXSDT 00000001 ASL  00000061)
[    0.000000] ACPI: FACP 0x000000007FFF00F0 0000F4 (v04 VBOX   VBOXFACP 00000001 ASL  00000061)
[    0.000000] ACPI: DSDT 0x000000007FFF0470 0021FF (v02 VBOX   VBOXBIOS 00000002 INTL 20180105)
[    0.000000] ACPI: FACS 0x000000007FFF0200 000040
[    0.000000] ACPI: FACS 0x000000007FFF0200 000040
[    0.000000] ACPI: APIC 0x000000007FFF0240 00005C (v02 VBOX   VBOXAPIC 00000001 ASL  00000061)
[    0.000000] ACPI: SSDT 0x000000007FFF02A0 0001CC (v01 VBOX   VBOXCPUT 00000002 INTL 20180105)
[    0.000000] No NUMA configuration found
[    0.000000] Faking a node at [mem 0x0000000000000000-0x000000007ffeffff]
[    0.000000] NODE_DATA(0) allocated [mem 0x7ffc5000-0x7ffeffff]
[    0.000000] kvm-clock: cpu 0, msr 0:7ff44001, primary cpu clock
[    0.000000] kvm-clock: Using msrs 4b564d01 and 4b564d00
[    0.000000] kvm-clock: using sched offset of 35764679347 cycles
[    0.000000] clocksource: kvm-clock: mask: 0xffffffffffffffff max_cycles: 0x1cd42e4dffb, max_idle_ns: 881590591483 ns
[    0.000000] Zone ranges:
[    0.000000]   DMA      [mem 0x0000000000001000-0x0000000000ffffff]
[    0.000000]   DMA32    [mem 0x0000000001000000-0x000000007ffeffff]
[    0.000000]   Normal   empty
[    0.000000]   Device   empty
[    0.000000] Movable zone start for each node
[    0.000000] Early memory node ranges
[    0.000000]   node   0: [mem 0x0000000000001000-0x000000000009efff]
[    0.000000]   node   0: [mem 0x0000000000100000-0x000000007ffeffff]
[    0.000000] Reserved but unavailable: 114 pages
[    0.000000] Initmem setup node 0 [mem 0x0000000000001000-0x000000007ffeffff]
[    0.000000] ACPI: PM-Timer IO Port: 0x4008
[    0.000000] IOAPIC[0]: apic_id 2, version 32, address 0xfec00000, GSI 0-23
[    0.000000] ACPI: INT_SRC_OVR (bus 0 bus_irq 0 global_irq 2 dfl dfl)
[    0.000000] ACPI: INT_SRC_OVR (bus 0 bus_irq 9 global_irq 9 low level)
[    0.000000] Using ACPI (MADT) for SMP configuration information
[    0.000000] smpboot: Allowing 2 CPUs, 0 hotplug CPUs
[    0.000000] PM: Registered nosave memory: [mem 0x00000000-0x00000fff]
[    0.000000] PM: Registered nosave memory: [mem 0x0009f000-0x0009ffff]
[    0.000000] PM: Registered nosave memory: [mem 0x000a0000-0x000effff]
[    0.000000] PM: Registered nosave memory: [mem 0x000f0000-0x000fffff]
[    0.000000] e820: [mem 0x80000000-0xfebfffff] available for PCI devices
[    0.000000] Booting paravirtualized kernel on KVM
[    0.000000] clocksource: refined-jiffies: mask: 0xffffffff max_cycles: 0xffffffff, max_idle_ns: 7645519600211568 ns
[    0.000000] random: get_random_bytes called from start_kernel+0x99/0x4fd with crng_init=0
[    0.000000] setup_percpu: NR_CPUS:8192 nr_cpumask_bits:2 nr_cpu_ids:2 nr_node_ids:1
[    0.000000] percpu: Embedded 46 pages/cpu @        (ptrval) s151552 r8192 d28672 u1048576
[    0.000000] PV qspinlock hash table entries: 256 (order: 0, 4096 bytes)
[    0.000000] Built 1 zonelists, mobility grouping on.  Total pages: 515961
[    0.000000] Policy zone: DMA32
[    0.000000] Kernel command line: BOOT_IMAGE=/boot/vmlinuz-4.15.0-52-generic root=LABEL=cloudimg-rootfs ro console=tty1 console=ttyS0
[    0.000000] Memory: 2015652K/2096696K available (12300K kernel code, 2473K rwdata, 4272K rodata, 2408K init, 2416K bss, 81044K reserved, 0K cma-reserved)
[    0.000000] SLUB: HWalign=64, Order=0-3, MinObjects=0, CPUs=2, Nodes=1
[    0.000000] Kernel/User page tables isolation: enabled
[    0.000000] ftrace: allocating 39216 entries in 154 pages
[    0.004000] Hierarchical RCU implementation.
[    0.004000] 	RCU restricting CPUs from NR_CPUS=8192 to nr_cpu_ids=2.
[    0.004000] 	Tasks RCU enabled.
[    0.004000] RCU: Adjusting geometry for rcu_fanout_leaf=16, nr_cpu_ids=2
[    0.004000] NR_IRQS: 524544, nr_irqs: 440, preallocated irqs: 16
[    0.004000] Console: colour VGA+ 80x25
[    0.004000] console [tty1] enabled
[    0.004000] console [ttyS0] enabled
[    0.004000] ACPI: Core revision 20170831
[    0.004000] ACPI: 2 ACPI AML tables successfully acquired and loaded
[    0.004000] APIC: Switch to symmetric I/O mode setup
[    0.004000] x2apic enabled
[    0.004000] Switched APIC routing to physical x2apic.
[    0.005710] ..TIMER: vector=0x30 apic1=0 pin1=2 apic2=-1 pin2=-1
[    0.008008] tsc: Detected 1696.072 MHz processor
[    0.012022] Calibrating delay loop (skipped) preset value.. 3392.14 BogoMIPS (lpj=6784288)
[    0.014075] pid_max: default: 32768 minimum: 301
[    0.016086] Security Framework initialized
[    0.017501] Yama: becoming mindful.
[    0.020057] AppArmor: AppArmor initialized
[    0.025253] Dentry cache hash table entries: 262144 (order: 9, 2097152 bytes)
[    0.028078] Inode-cache hash table entries: 131072 (order: 8, 1048576 bytes)
[    0.029785] Mount-cache hash table entries: 4096 (order: 3, 32768 bytes)
[    0.031459] Mountpoint-cache hash table entries: 4096 (order: 3, 32768 bytes)
[    0.032357] mce: CPU supports 0 MCE banks
[    0.033598] Last level iTLB entries: 4KB 1024, 2MB 1024, 4MB 1024
[    0.036005] Last level dTLB entries: 4KB 1024, 2MB 1024, 4MB 1024, 1GB 4
[    0.037697] Spectre V2 : Mitigation: Full generic retpoline
[    0.039061] Spectre V2 : Spectre v2 / SpectreRSB mitigation: Filling RSB on context switch
[    0.040004] Speculative Store Bypass: Vulnerable
[    0.041244] MDS: Vulnerable: Clear CPU buffers attempted, no microcode
[    0.044191] Freeing SMP alternatives memory: 36K
[    0.048000] smpboot: CPU0: Intel(R) Core(TM) i3-4005U CPU @ 1.70GHz (family: 0x6, model: 0x45, stepping: 0x1)
[    0.048000] Performance Events: unsupported p6 CPU model 69 no PMU driver, software events only.
[    0.048068] Hierarchical SRCU implementation.
[    0.050195] NMI watchdog: Perf event create on CPU 0 failed with -2
[    0.052010] NMI watchdog: Perf NMI watchdog permanently disabled
[    0.056114] smp: Bringing up secondary CPUs ...
[    0.058023] x86: Booting SMP configuration:
[    0.060006] .... node  #0, CPUs:      #1
[    0.004000] kvm-clock: cpu 1, msr 0:7ff44041, secondary cpu clock
[    0.004000] mce: CPU supports 0 MCE banks
[    0.072037] smp: Brought up 1 node, 2 CPUs
[    0.073408] smpboot: Max logical packages: 1
[    0.074877] smpboot: Total of 2 processors activated (6784.28 BogoMIPS)
[    0.076435] devtmpfs: initialized
[    0.080129] x86/mm: Memory block size: 128MB
[    0.082290] evm: security.selinux
[    0.084007] evm: security.SMACK64
[    0.084898] evm: security.SMACK64EXEC
[    0.086420] evm: security.SMACK64TRANSMUTE
[    0.088004] evm: security.SMACK64MMAP
[    0.088993] evm: security.apparmor
[    0.089899] evm: security.ima
[    0.090735] evm: security.capability
[    0.092203] clocksource: jiffies: mask: 0xffffffff max_cycles: 0xffffffff, max_idle_ns: 7645041785100000 ns
[    0.094515] futex hash table entries: 512 (order: 3, 32768 bytes)
[    0.096107] pinctrl core: initialized pinctrl subsystem
[    0.100174] RTC time: 12:50:53, date: 06/25/19
[    0.101631] NET: Registered protocol family 16
[    0.103479] audit: initializing netlink subsys (disabled)
[    0.104049] audit: type=2000 audit(1561467090.304:1): state=initialized audit_enabled=0 res=1
[    0.106254] cpuidle: using governor ladder
[    0.108029] cpuidle: using governor menu
[    0.109244] ACPI: bus type PCI registered
[    0.110715] acpiphp: ACPI Hot Plug PCI Controller Driver version: 0.5
[    0.112162] PCI: Using configuration type 1 for base access
[    0.120067] HugeTLB registered 2.00 MiB page size, pre-allocated 0 pages
[    0.122189] ACPI: Added _OSI(Module Device)
[    0.124007] ACPI: Added _OSI(Processor Device)
[    0.125446] ACPI: Added _OSI(3.0 _SCP Extensions)
[    0.127499] ACPI: Added _OSI(Processor Aggregator Device)
[    0.128005] ACPI: Added _OSI(Linux-Dell-Video)
[    0.129452] ACPI: Added _OSI(Linux-Lenovo-NV-HDMI-Audio)
[    0.132004] ACPI: Added _OSI(Linux-HPI-Hybrid-Graphics)
[    0.134340] ACPI: Executed 1 blocks of module-level executable AML code
[    0.146171] ACPI: Interpreter enabled
[    0.148089] ACPI: (supports S0 S5)
[    0.149737] ACPI: Using IOAPIC for interrupt routing
[    0.152416] PCI: Using host bridge windows from ACPI; if necessary, use "pci=nocrs" and report a bug
[    0.155687] ACPI: Enabled 2 GPEs in block 00 to 07
[    0.167707] ACPI: PCI Root Bridge [PCI0] (domain 0000 [bus 00-ff])
[    0.168013] acpi PNP0A03:00: _OSC: OS supports [ASPM ClockPM Segments MSI]
[    0.172048] acpi PNP0A03:00: _OSC: not requesting OS control; OS requires [ExtendedConfig ASPM ClockPM MSI]
[    0.175266] acpi PNP0A03:00: fail to add MMCONFIG information, can't access extended PCI configuration space under this bridge.
[    0.176547] PCI host bridge to bus 0000:00
[    0.180009] pci_bus 0000:00: root bus resource [io  0x0000-0x0cf7 window]
[    0.188010] pci_bus 0000:00: root bus resource [io  0x0d00-0xffff window]
[    0.192016] pci_bus 0000:00: root bus resource [mem 0x000a0000-0x000bffff window]
[    0.196012] pci_bus 0000:00: root bus resource [mem 0x80000000-0xfdffffff window]
[    0.200012] pci_bus 0000:00: root bus resource [bus 00-ff]
[    0.209029] pci 0000:00:01.1: legacy IDE quirk: reg 0x10: [io  0x01f0-0x01f7]
[    0.212010] pci 0000:00:01.1: legacy IDE quirk: reg 0x14: [io  0x03f6]
[    0.216010] pci 0000:00:01.1: legacy IDE quirk: reg 0x18: [io  0x0170-0x0177]
[    0.220015] pci 0000:00:01.1: legacy IDE quirk: reg 0x1c: [io  0x0376]
[    0.282169] pci 0000:00:07.0: quirk: [io  0x4000-0x403f] claimed by PIIX4 ACPI
[    0.284030] pci 0000:00:07.0: quirk: [io  0x4100-0x410f] claimed by PIIX4 SMB
[    0.325809] ACPI: PCI Interrupt Link [LNKA] (IRQs 5 9 10 *11)
[    0.328590] ACPI: PCI Interrupt Link [LNKB] (IRQs 5 9 *10 11)
[    0.330274] ACPI: PCI Interrupt Link [LNKC] (IRQs 5 *9 10 11)
[    0.332195] ACPI: PCI Interrupt Link [LNKD] (IRQs 5 9 10 *11)
[    0.334286] SCSI subsystem initialized
[    0.336117] pci 0000:00:02.0: vgaarb: setting as boot VGA device
[    0.337577] pci 0000:00:02.0: vgaarb: VGA device added: decodes=io+mem,owns=io+mem,locks=none
[    0.340010] pci 0000:00:02.0: vgaarb: bridge control possible
[    0.344005] vgaarb: loaded
[    0.345152] ACPI: bus type USB registered
[    0.346647] usbcore: registered new interface driver usbfs
[    0.348019] usbcore: registered new interface driver hub
[    0.349916] usbcore: registered new device driver usb
[    0.352096] EDAC MC: Ver: 3.0.0
[    0.356041] PCI: Using ACPI for IRQ routing
[    0.360430] NetLabel: Initializing
[    0.361698] NetLabel:  domain hash size = 128
[    0.363271] NetLabel:  protocols = UNLABELED CIPSOv4 CALIPSO
[    0.364028] NetLabel:  unlabeled traffic allowed by default
[    0.368097] clocksource: Switched to clocksource kvm-clock
[    0.387418] VFS: Disk quotas dquot_6.6.0
[    0.396806] VFS: Dquot-cache hash table entries: 512 (order 0, 4096 bytes)
[    0.399383] AppArmor: AppArm Filesystem Enabled
[    0.486032] pnp: PnP ACPI init
[    0.9005] pnp: PnP ACPI: foud 3 devices

[    0.597355] clocksource: acpi_pm: mask: 0xffffff max_cycles: 0xffffff, max_idle_ns: 2085701024 ns
[    0.601184] NET: Registered protocol family 2
[    0.603129] TCP established hash table entries: 16384 (order: 5, 131072 bytes)
[    0.605743] TCP bind hash table entries: 16384 (order: 6, 262144 bytes)
[    0.609465] TCP: Hash tables configured (established 16384 bind 16384)
[    0.612158] UDP hash table entries: 1024 (order: 3, 32768 bytes)
   0.61402 UDP-Lite hash table entrie: 1024 (order: 3, 32768 bytes)
[    0.796914] NET: Registered protocol family 1
[    0.798590] pci 0000:00:00.0: Limiting direct PCI/PCI transfers
[    0.800778] pci 0000:00:01.0: Activating ISA DMA hang workarounds
[    0.803078]pci 0000:00:02.0: Video device with shadowed ROM at [mem 0x000c0000-0x000dffff]

[    0.836834] Unpacking initramfs...
[    1.376043] Freeing initrd memory: 19124K
[    1.382256] clocksource: tsc: mask: 0xffffffffffffffff max_cycles: 0x1872a8bea72, max_idle_ns: 440795261668 ns
[    1.401177] platform rtc_cmos: registered platform RTC device (no PNP device found)
[    1.406121] Scanning for low memory corruption every 60 seconds
[    1.414326] Initialise system trusted keyrings
[    1.415832] Key type blacklist registered
[    1.422755] workingset: timestamp_bits=36 max_order=19 bucket_order=0
[    1.431923] zbud: loaded
[    1.433782] squashfs: version 4.0 (2009/01/31) Phillip Lougher
[    1.438089] fuse init (API version 7.26)
[    1.446767] Key type asymmetric registered
[    1.448318] Asymmetric key parser 'x509' registered
[    1.450121] Block layer SCSI generic (bsg) driver version 0.4 loaded (major 246)
[    1.452834] io scheduler noop registered
[    1.454260] io scheduler deadline registered
[    1.455850] io scheduler cfq registered (default)
[    1.457990] ACPI: AC Adapter [AC] (off-line)
[    1.466863] input: Power Button as /devices/LNXSYSTM:00/LNXPWRBN:00/input/input0
[    1.469473] ACPI: Power Button [PWRF]
[    1.470854] input: Sleep Button as /devices/LNXSYSTM:00/LNXSLPBN:00/input/input1
[    1.473551] ACPI: Sleep Button [SLPF]
[    1.477224] ACPI: Battery Slot [BAT0] (battery present)
[    1.479199] Serial: 8250/16550 driver, 32 ports, IRQ sharing enabled
[    1.504886] 00:02: ttyS0 at I/O 0x3f8 (irq = 4, base_baud = 115200) is a 16550A
[    1.509427] Linux agpgart interface v0.103
[    1.512622] loop: module loaded
[    1.514609] scsi host0: ata_piix
[    1.515815] scsi host1: ata_piix
[    1.516829] ata1: PATA max UDMA/33 cmd 0x1f0 ctl 0x3f6 bmdma 0xd000 irq 14
[    1.518516] ata2: PATA max UDMA/33 cmd 0x170 ctl 0x376 bmdma 0xd008 irq 15
[    1.520412] libphy: Fixed MDIO Bus: probed
[    1.521610] tun: Universal TUN/TAP device driver, 1.6
[    1.523097] PPP generic driver version 2.4.2
[    1.524582] ehci_hcd: USB 2.0 'Enhanced' Host Controller (EHCI) Driver
[    1.526169] ehci-pci: EHCI PCI platform driver
[    1.527330] ehci-platform: EHCI generic platform driver
[    1.528690] ohci_hcd: USB 1.1 'Open' Host Controller (OHCI) Driver
[    1.530202] ohci-pci: OHCI PCI platform driver
[    1.531540] ohci-platform: OHCI generic platform driver
[    1.533043] uhci_hcd: USB Universal Host Controller Interface driver
[    1.534655] i8042: PNP: PS/2 Controller [PNP0303:PS2K,PNP0f03:PS2M] at 0x60,0x64 irq 1,12
[    1.537312] serio: i8042 KBD port at 0x60,0x64 irq 1
[    1.538675] serio: i8042 AUX port at 0x60,0x64 irq 12
[    1.540160] mousedev: PS/2 mouse device common for all mice
[    1.542779] input: AT Translated Set 2 keyboard as /devices/platform/i8042/serio0/input/input2
[    1.545699] rtc_cmos rtc_cmos: rtc core: registered rtc_cmos as rtc0
[    1.547384] rtc_cmos rtc_cmos: alarms up to one day, 114 bytes nvram
[    1.548998] i2c /dev entries driver
[    1.550030] device-mapper: uevent: version 1.0.3
[    1.551594] device-mapper: ioctl: 4.37.0-ioctl (2017-09-20) initialised: dm-devel@redhat.com
[    1.553813] ledtrig-cpu: registered to indicate activity on CPUs
[    1.556015] NET: Registered protocol family 10
[    1.562732] Segment Routing with IPv6
[    1.563850] NET: Registered protocol family 17
[    1.565358] Key type dns_resolver registered
[    1.567405] RAS: Correctable Errors collector initialized.
[    1.569451] sched_clock: Marking stable (1569399013, 0)->(2205754061, -636355048)
[    1.573127] registered taskstats version 1
[    1.574569] Loading compiled-in X.509 certificates
[    1.580137] Loaded X.509 cert 'Build time autogenerated kernel key: 090ea8f218b1de455a55c926855dfde92833e981'
[    1.582702] zswap: loaded using pool lzo/zbud
[    1.589704] Key type big_key registered
[    1.591253] Key type trusted registered
[    1.596350] Key type encrypted registered
[    1.597776] AppArmor: AppArmor sha1 policy hashing enabled
[    1.599782] ima: No TPM chip found, activating TPM-bypass! (rc=-19)
[    1.601941] ima: Allocated hash algorithm: sha1
[    1.603605] evm: HMAC attrs: 0x1
[    1.605112]   Magic number: 7:937:835
[    1.606382] rtc_cmos rtc_cmos: setting system clock to 2019-06-25 12:50:55 UTC (1561467055)
[    1.609254] BIOS EDD facility v0.16 2004-Jun-25, 0 devices found
[    1.611058] EDD information not available.
[    1.685413] Freeing unused kernel image memory: 2408K
[    1.700076] Write protecting the kernel read-only data: 20480k
[    1.717754] Freeing unused kernel image memory: 2008K
[    1.720211] Freeing unused kernel image memory: 1872K
[    1.733568] x86/mm: Checked W+X mappings: passed, no W+X pages found.
[    1.736440] x86/mm: Checking user space page tables
[    1.749235] x86/mm: Checked W+X mappings: passed, no W+X pages found.
Loading, please wait...
starting version 237
[    1.906911] Fusion MPT base driver 3.04.20
[    1.908431] Copyright (c) 1999-2008 LSI Corporation
[    1.916450] e1000: Intel(R) PRO/1000 Network Driver - version 7.3.21-k8-NAPI
[    1.925215] e1000: Copyright (c) 1999-2006 Intel Corporation.
[    1.951154] AVX2 version of gcm_enc/dec engaged.
[    1.953007] AES CTR mode by8 optimization enabled
[    1.961255] Fusion MPT SPI Host driver 3.04.20
[    2.125532] input: ImExPS/2 Generic Explorer Mouse as /devices/platform/i8042/serio1/input/input4
[    2.360230] e1000 0000:00:03.0 eth0: (PCI:33MHz:32-bit) 02:d8:9a:b7:4a:68
[    2.366364] e1000 0000:00:03.0 eth0: Intel(R) PRO/1000 Network Connection
[    2.780929] e1000 0000:00:08.0 eth1: (PCI:33MHz:32-bit) 08:00:27:0a:43:d5
[    2.783893] e1000 0000:00:08.0 eth1: Intel(R) PRO/1000 Network Connection
[    2.808545] mptbase: ioc0: Initiating bringup
[    2.809946] e1000 0000:00:08.0 enp0s8: renamed from eth1
[    2.825884] e1000 0000:00:03.0 enp0s3: renamed from eth0
[    2.925080] ioc0: LSI53C1030 A0: Capabilities={Initiator}
[    3.286948] scsi host2: ioc0: LSI53C1030 A0, FwRev=00000000h, Ports=1, MaxQ=256, IRQ=20
[    3.865736] scsi 2:0:0:0: Direct-Access     VBOX     HARDDISK         1.0  PQ: 0 ANSI: 5
[    3.904087] scsi target2:0:0: Beginning Domain Validation
[    3.918808] scsi target2:0:0: Domain Validation skipping write tests
[    3.929190] scsi target2:0:0: Ending Domain Validation
[    3.938321] scsi target2:0:0: asynchronous
[    3.940664] scsi 2:0:1:0: Direct-Access     VBOX     HARDDISK         1.0  PQ: 0 ANSI: 5
[    3.972063] scsi target2:0:1: Beginning Domain Validation
[    3.975440] random: fast init done
[    3.978459] scsi target2:0:1: Domain Validation skipping write tests
[    3.980408] scsi target2:0:1: Ending Domain Validation
[    3.981993] scsi target2:0:1: asynchronous
[    3.992156] random: systemd-udevd: uninitialized urandom read (16 bytes read)
[    4.007273] random: systemd-udevd: uninitialized urandom read (16 bytes read)
[    4.008773] sd 2:0:0:0: [sda] 20971520 512-byte logical blocks: (10.7 GB/10.0 GiB)
[    4.008879] sd 2:0:0:0: [sda] Write Protect is off
[    4.009071] sd 2:0:0:0: [sda] Incomplete mode parameter data
[    4.009075] sd 2:0:0:0: [sda] Assuming drive cache: write through
[    4.048512] sd 2:0:0:0: Attached scsi generic sg0 type 0
[    4.048925] sd 2:0:1:0: Attached scsi generic sg1 type 0
[    4.049320] sd 2:0:1:0: [sdb] 20480 512-byte logical blocks: (10.5 MB/10.0 MiB)
[    4.049385] sd 2:0:1:0: [sdb] Write Protect is off
[    4.049513] sd 2:0:1:0: [sdb] Incomplete mode parameter data
[    4.049515] sd 2:0:1:0: [sdb] Assuming drive cache: write through
[    4.071132] random: systemd-udevd: uninitialized urandom read (16 bytes read)
[    4.119135]  sda: sda1
[    4.122543] sd 2:0:0:0: [sda] Attached SCSI disk
[    4.237128] sd 2:0:1:0: [sdb] Attached SCSI disk
Begin: Loading essential drivers ... [   10.772059] raid6: sse2x1   gen()  5485 MB/s
[   10.840032] raid6: sse2x1   xor()  3946 MB/s
[   10.888070] raid6: sse2x2   gen()  4099 MB/s
[   10.936052] raid6: sse2x2   xor()  2642 MB/s
[   10.988059] raid6: sse2x4   gen()  7179 MB/s
[   11.036080] raid6: sse2x4   xor()  4732 MB/s
[   11.088077] raid6: avx2x1   gen() 10642 MB/s
[   11.188051] raid6: avx2x1   xor()  7408 MB/s
[   11.236055] raid6: avx2x2   gen() 12439 MB/s
[   11.284033] raid6: avx2x2   xor()  7674 MB/s
[   11.332052] raid6: avx2x4   gen() 14291 MB/s
[   11.392057] raid6: avx2x4   xor()  8737 MB/s
[   11.407596] raid6: using algorithm avx2x4 gen() 14291 MB/s
[   11.416805] raid6: .... xor() 8737 MB/s, rmw enabled
[   11.423624] raid6: using avx2x2 recovery algorithm
[   11.428634] xor: automatically using best checksumming function   avx       
[   11.437202] async_tx: api initialized (async)
done.
Begin: Running /scripts/init-premount ... done.
Begin: Mounting root file system ... Begin: Running /scripts/local-top ... done.
Begin: Running /scripts/local-premount ... [   11.533079] Btrfs loaded, crc32c=crc32c-intel
Scanning for Btrfs filesystems
[   11.990256] random: crng init done
[   12.413814] random: 7 urandom warning(s) missed due to ratelimiting
done.
Warning: fsck not present, so skipping root file system
[   16.364465] EXT4-fs (sda1): mounted filesystem with ordered data mode. Opts: (null)
done.
Begin: Running /scripts/local-bottom ... done.
Begin: Running /scripts/init-bottom ... done.
[   40.419475] ip_tables: (C) 2000-2006 Netfilter Core Team
[   42.446641] systemd[1]: systemd 237 running in system mode. (+PAM +AUDIT +SELINUX +IMA +APPARMOR +SMACK +SYSVINIT +UTMP +LIBCRYPTSETUP +GCRYPT +GNUTLS +ACL +XZ +LZ4 +SECCOMP +BLKID +ELFUTILS +KMOD -IDN2 +IDN -PCRE2 default-hierarchy=hybrid)
[   42.488847] systemd[1]: Detected virtualization oracle.
[   42.504688] systemd[1]: Detected architecture x86-64.

Welcome to [1mUbuntu 18.04.2 LTS[0m!

[   42.915465] systemd[1]: Set hostname to <ubuntu>.
[   43.620133] systemd[1]: Initializing machine ID from random generator.
[   44.078386] systemd[1]: Installed transient /etc/machine-id file.
[   74.407924] systemd[1]: Reached target User and Group Name Lookups.
[[0;32m  OK  [0m] Reached target User and Group Name Lookups.
[   74.579031] systemd[1]: Set up automount Arbitrary Executable File Formats File System Automount Point.
[[0;32m  OK  [0m] Set up automount Arbitrary Executab…rmats File System Automount Point.
[   74.583619] systemd[1]: Reached target System Time Synchronized.
[[0;32m  OK  [0m] Reached target System Time Synchronized.
[   74.608101] systemd[1]: Created slice System Slice.
[[0;32m  OK  [0m] Created slice System Slice.
[   74.612372] systemd[1]: Listening on Journal Audit Socket.
[[0;32m  OK  [0m] Listening on Journal Audit Socket.
[   74.656709] systemd[1]: Listening on /dev/initctl Compatibility Named Pipe.
[[0;32m  OK  [0m] Listening on /dev/initctl Compatibility Named Pipe.
[   74.662236] systemd[1]: Listening on LVM2 poll daemon socket.
[[0;32m  OK  [0m] Listening on LVM2 poll daemon socket.
[   74.666448] systemd[1]: Listening on udev Kernel Socket.
[[0;32m  OK  [0m] Listening on udev Kernel Socket.
[   74.684733] systemd[1]: Listening on Journal Socket.
[[0;32m  OK  [0m] Listening on Journal Socket.
[   74.733965] systemd[1]: Starting Uncomplicated firewall...
         Starting Uncomplicated firewall...
         Mounting Huge Pages File System...
         Starting Create list of required st…ce nodes for the current kernel...
         Starting Remount Root and Kernel File Systems...
         Mounting Kernel Debug File System...
         Mounting POSIX Message Queue File System...
[[0;32m  OK  [0m] Listening on Device-mapper event daemon FIFOs.
         Starting Set the console keyboard layout...
[[0;32m  OK  [0m] Listening on Journal Socket (/dev/log).
[[0;32m  OK  [0m] Created slice system-serial\x2dgetty.slice.
[[0;32m  OK  [0m] Listening on udev Control Socket.
[[0;32m  OK  [0m] Listening on Network Service Netlink Socket.
[[0;32m  OK  [0m] Listening on Syslog Socket.
         Starting Journal Service...
[[0;32m  OK  [0m] Created slice User and Session Slice.
[[0;32m  OK  [0m] Reached target Slices.
         Starting udev Coldplug all Devices...
[[0;32m  OK  [0m] Listening on LVM2 metadata daemon socket.
         Starting Monitoring of LVM2 mirrors…ng dmeventd or progress polling...
         Starting Load Kernel Modules...
[[0;32m  OK  [0m] Started Forward Password Requests to Wall Directory Watch.
[[0;32m  OK  [0m] Reached target Swap.
[[0;32m  OK  [0m] Started Create list of required sta…vice nodes for the current kernel.
         Starting Create Static Device Nodes in /dev...
[[0;32m  OK  [0m] Started Uncomplicated firewall.
[   80.879989] systemd[1]: Started Journal Service.
[[0;32m  OK  [0m] Started Journal Service.
[[0;32m  OK  [0m] Started udev Coldplug all Devices.
[   82.747924] Loading iSCSI transport class v2.0-870.
[   85.503884] iscsi: registered transport (tcp)
[[0m[0;31m*     [0m] (1 of 9) A start job is running for…Pages File System (11s / 1min 30s)[K[[0;1;31m*[0m[0;31m*    [0m] (1 of 9) A start job is running for…Pages File System (12s / 1min 30s)[   87.176776] iscsi: registered transport (iser)
[K[[0;32m  OK  [0m] Started Load Kernel Modules.
         Starting Apply Kernel Variables...
         Mounting FUSE Control File System...
         Mounting Kernel Configuration File System...
[[0;32m  OK  [0m] Started Create Static Device Nodes in /dev.
[[0;32m  OK  [0m] Started Apply Kernel Variables.
[[0;32m  OK  [0m] Mounted Huge Pages File System.
[[0;32m  OK  [0m] Mounted Kernel Debug File System.
[[0;32m  OK  [0m] Mounted POSIX Message Queue File System.
[[0;32m  OK  [0m] Mounted FUSE Control File System.
[[0;32m  OK  [0m] Mounted Kernel Configuration File System.
[[0;32m  OK  [0m] Started Remount Root and Kernel File Systems.
         Starting Load/Save Random Seed...
         Starting Flush Journal to Persistent Storage...
         Starting udev Kernel Device Manager...
[[0;32m  OK  [0m] Started Load/Save Random Seed.
[[0;32m  OK  [0m] Started Set the console keyboard layout.
[[0;32m  OK  [0m] Started Flush Journal to Persistent Storage.
[[0;32m  OK  [0m] Started LVM2 metadata daemon.
[[0;32m  OK  [0m] Started Monitoring of LVM2 mirrors,…sing dmeventd or progress polling.
[[0;32m  OK  [0m] Reached target Local File Systems (Pre).
[[0;32m  OK  [0m] Reached target Local File Systems.
         Starting AppArmor initialization...
         Starting Tell Plymouth To Write Out Runtime Data...
         Starting Create Volatile Files and Directories...
         Starting Set console font and keymap...
         Starting Commit a transient machine-id on disk...
         Starting ebtables ruleset management...
[[0;32m  OK  [0m] Started Set console font and keymap.
[[0;32m  OK  [0m] Started Tell Plymouth To Write Out Runtime Data.
[[0;32m  OK  [0m] Started Create Volatile Files and Directories.
         Starting Update UTMP about System Boot/Shutdown...
[[0;32m  OK  [0m] Started Commit a transient machine-id on disk.
[[0;32m  OK  [0m] Started Update UTMP about System Boot/Shutdown.
[[0;32m  OK  [0m] Started ebtables ruleset management.
[[0;31m*[0;1;31m*[0m[0;31m*   [0m] (1 of 3) A start job is running for…el Device Manager (32s / 1min 46s)[K[ [0;31m*[0;1;31m*[0m[0;31m*  [0m] (2 of 3) A start job is running for…or initialization (33s / no limit)[K[  [0;31m*[0;1;31m*[0m[0;31m* [0m] (2 of 3) A start job is running for…or initialization (33s / no limit)[K[[0;32m  OK  [0m] Started udev Kernel Device Manager.
[[0;32m  OK  [0m] Started Dispatch Password Requests to Console Directory Watch.
[[0;32m  OK  [0m] Reached target Local Encrypted Volumes.
[[0;32m  OK  [0m] Found device /dev/ttyS0.
[[0;32m  OK  [0m] Listening on Load/Save RF Kill Switch Status /dev/rfkill Watch.
[[0;32m  OK  [0m] Started AppArmor initialization.
         Starting Initial cloud-init job (pre-networking)...
[  200.702145] cloud-init[503]: Cloud-init v. 19.1-1-gbaa47854-0ubuntu1~18.04.1 running 'init-local' at Tue, 25 Jun 2019 12:54:09 +0000. Up 195.24 seconds.
[[0;32m  OK  [0m] Started Initial cloud-init job (pre-networking).
[[0;32m  OK  [0m] Reached target Network (Pre).
         Starting Network Service...
[[0;32m  OK  [0m] Started Network Service.
         Starting Network Name Resolution...
         Starting Wait for Network to be Configured...
[[0;32m  OK  [0m] Started Network Name Resolution.
[[0;32m  OK  [0m] Reached target Network.
[[0;32m  OK  [0m] Reached target Host and Network Name Lookups.
[[0;32m  OK  [0m] Started Wait for Network to be Configured.
         Starting Initial cloud-init job (metadata service crawler)...
[  205.853133] cloud-init[657]: Cloud-init v. 19.1-1-gbaa47854-0ubuntu1~18.04.1 running 'init' at Tue, 25 Jun 2019 12:54:19 +0000. Up 205.49 seconds.
[  205.872829] cloud-init[657]: ci-info: ++++++++++++++++++++++++++++++++++++++Net device info+++++++++++++++++++++++++++++++++++++++
[  205.876218] cloud-init[657]: ci-info: +--------+-------+----------------------------+---------------+--------+-------------------+
[  205.881071] cloud-init[657]: ci-info: | Device |   Up  |          Address           |      Mask     | Scope  |     Hw-Address    |
[  205.886311] cloud-init[657]: ci-info: +--------+-------+----------------------------+---------------+--------+-------------------+
[  205.889333] cloud-init[657]: ci-info: | enp0s3 |  True |         10.0.2.15          | 255.255.255.0 | global | 02:d8:9a:b7:4a:68 |
[  205.898249] cloud-init[657]: ci-info: | enp0s3 |  True | fe80::d8:9aff:feb7:4a68/64 |       .       |  link  | 02:d8:9a:b7:4a:68 |
[  205.922620] cloud-init[657]: ci-info: | enp0s8 | False |             .              |       .       |   .    | 08:00:27:0a:43:d5 |
[  205.927468] cloud-init[657]: ci-info: |   lo   |  True |         127.0.0.1          |   255.0.0.0   |  host  |         .         |
[  205.942998] cloud-init[657]: ci-info: |   lo   |  True |          ::1/128           |       .       |  host  |         .         |
[  205.947166] cloud-init[657]: ci-info: +--------+-------+----------------------------+---------------+--------+-------------------+
[  205.954832] cloud-init[657]: ci-info: ++++++++++++++++++++++++++++Route IPv4 info+++++++++++++++++++++++++++++
[  205.958407] cloud-init[657]: ci-info: +-------+-------------+----------+-----------------+-----------+-------+
[  205.967187] cloud-init[657]: ci-info: | Route | Destination | Gateway  |     Genmask     | Interface | Flags |
[  205.988003] cloud-init[657]: ci-info: +-------+-------------+----------+-----------------+-----------+-------+
[  206.020539] cloud-init[657]: ci-info: |   0   |   0.0.0.0   | 10.0.2.2 |     0.0.0.0     |   enp0s3  |   UG  |
[  206.023014] cloud-init[657]: ci-info: |   1   |   10.0.2.0  | 0.0.0.0  |  255.255.255.0  |   enp0s3  |   U   |
[  206.088363] cloud-init[657]: ci-info: |   2   |   10.0.2.2  | 0.0.0.0  | 255.255.255.255 |   enp0s3  |   UH  |
[  206.110650] cloud-init[657]: ci-info: +-------+-------------+----------+-----------------+-----------+-------+
[  206.113181] cloud-init[657]: ci-info: +++++++++++++++++++Route IPv6 info+++++++++++++++++++
[  206.121301] cloud-init[657]: ci-info: +-------+-------------+---------+-----------+-------+
[  206.124295] cloud-init[657]: ci-info: | Route | Destination | Gateway | Interface | Flags |
[  206.136334] cloud-init[657]: ci-info: +-------+-------------+---------+-----------+-------+
[  206.142498] cloud-init[657]: ci-info: |   1   |  fe80::/64  |    ::   |   enp0s3  |   U   |
[  206.188384] cloud-init[657]: ci-info: |   3   |    local    |    ::   |   enp0s3  |   U   |
[  206.208467] cloud-init[657]: ci-info: |   4   |   ff00::/8  |    ::   |   enp0s3  |   U   |
[  206.211211] cloud-init[657]: ci-info: +-------+-------------+---------+-----------+-------+
[  230.460247] cloud-init[657]: Generating public/private rsa key pair.
[  230.514386] cloud-init[657]: Your identification has been saved in /etc/ssh/ssh_host_rsa_key.
[  230.521307] cloud-init[657]: Your public key has been saved in /etc/ssh/ssh_host_rsa_key.pub.
[  230.575023] cloud-init[657]: The key fingerprint is:
[[0;32m  OK  [0m] Started Initial cloud-init job (metadata service crawler).
[  230.637602] [[0;32m  OK  [0m] Reached target System Initialization.
[[0;32m  OK  [0m] Listening on ACPID Listen Socket.
cloud-init[657]: SHA256:Tmvykr70Nq9uxNiiAnl2XT3Dl4B833GRFzX8GEsB4cs root@ubuntu-bionic
[[0;32m  OK  [0m] Started Daily apt download activities.
[  230.680978] [cloud-init[0;32m  OK  [0m[657]: ] The key's randomart image is:Started Daily apt upgrade and clean activities.

[  230.797503] [cloud-init[0;32m  OK  [0m[657]: ] +---[RSA 2048]----+Listening on D-Bus System Message Bus Socket.

[[0;32m  OK  [0m] Started Daily Cleanup of Temporary Directories.
[  230.837857] [[0;32m  OK  [0m] Started Discard unused blocks once a week.
cloud-init[[0;32m  OK  [0m] Started Message of the Day.
[[0;32m  OK  [0m] Reached target Timers.
[657]:          Starting Socket activation for snappy daemon.
|       . .  ooo=*|
[  230.883818] cloud-init[657]: |        o o.  +o+|
[  230.883950] cloud-init[657]: |         + o.+ *o|
[  230.884078] [[0;32m  OK  [0m] Listening on UUID daemon activation socket.
cloud-init[657]: |        . =.+.+ .|
[  230.937061] cloud-init[657]: | .   . =S  +E    |
[  230.945489] cloud-init[657]: |o o . +o+.       |
[  230.948230] cloud-init[657]: | + . .o++        |
[  230.950891] cloud-init[657]: |  . ..o=+        |
[  230.953943] cloud-init[657]: |   . .o*=+.      |
[  230.959703] cloud-init[657]: +----[SHA256]-----+
[  230.972344] cloud-init[657]: Generating public/private dsa key pair.
[  230.984250] cloud-init[657]: Your identification has been saved in /etc/ssh/ssh_host_dsa_key.
[  230.988075] cloud-init[657]: Your public key has been saved in /etc/ssh/ssh_host_dsa_key.pub.
[  230.999492] cloud-init[657]: The key fingerprint is:
[  231.001880] cloud-init[657]: SHA256:oYjyflTcVgShE9JVMiyicqx6S74i9LY3aZ60Sk+RrDg root@ubuntu-bionic
[  231.005140] cloud-init[657]: The key's randomart image is:
[  231.007517] cloud-init[657]: +---[DSA 1024]----+
[  231.009933] cloud-init[657]: |    ...o*=o      |
[  231.012254] cloud-init[657]: |    ..oo.o.      |
[  231.014341] cloud-init[657]: | . . ooo..       |
[  231.016450] cloud-init[657]: |. +...+oo.       |
[  231.032301] cloud-init[657]: |.+. .=..S        |
[  231.044307] cloud-init[657]: |.+. o .          |
[  231.053243] cloud-init[657]: |oE++ o.          |
[  231.055266] cloud-init[657]: |+++o==o          |
[  231.096349] cloud-init[657]: |.o***=.          |
         Starting LXD - unix socket.
[  231.120111] cloud-init[657]: +----[SHA256]-----+
[[  231.134495] cloud-init[657]: Generating public/private ecdsa key pair.
[  231.134755] cloud-init[657]: Your identification has been saved in /etc/ssh/ssh_host_ecdsa_key.
[0;32m  OK  [0m] Listening on Open-iSCSI iscsid Socket.
[  231.135823] cloud-init[657]: Your public key has been saved in /etc/ssh/ssh_host_ecdsa_key.pub.
[  231.252447] cloud-init[657]: The key fingerprint is:
[[  231.316519] cloud-init[657]: SHA256:+Psyz4RGYnj+8FWUQ2d3DDFas/vk7Y4bCYSpT1r1awc root@ubuntu-bionic
[  231.316761] cloud-init[657]: The key's randomart image is:
[0;32m  OK  [0m] Started ACPI Events Check.
[[  231.316972] cloud-init[0;32m  OK  [0m[657]: ] +---[ECDSA 256]---+Reached target Paths.

[[0;32m  OK  [0m[  231.502906] ] cloud-initReached target Network is Online.[657]: 
|            . O+o|
[[  231.558730] cloud-init[657]: |           + * =o|
[  231.559106] cloud-init[657]: |          o B .  |
[0;32m  OK  [0m] Reached target Remote File Systems (Pre).
[[  231.559262] cloud-init[657]: |     . . . + o . |
[  231.644216] cloud-init[657]: |    . = S o o E .|
[  231.644829] cloud-init[657]: |     + + * . . B.|
[  231.646225] cloud-init[657]: |      o = +   = =|
[  231.647292] cloud-init[657]: |       =o=   . = |
[  231.651638] cloud-init[657]: |        +=+   ooo|
[0;32m  OK  [0m] Reached target Remote File Systems.
[  231.655502] cloud-init[657]: +----[SHA256]-----+
[  231.655866] cloud-init[657]: Generating public/private ed25519 key pair.
[  231.682639] cloud-init[657]: Your identification has been saved in /etc/ssh/ssh_host_ed25519_key.
         [  231.697212] cloud-init[657]: Your public key has been saved in /etc/ssh/ssh_host_ed25519_key.pub.
Starting Availability of block devices...
[  231.698252] cloud-init[657]: The key fingerprint is:
[[0;32m  OK  [0m] Reached target Cloud-config availability.
[  231.719842] cloud-init[657]: SHA256:2KPqqt6Xo+hpTGTF8bBYda7+WgQxajYWgxu6T/qVX8U root@ubuntu-bionic
[[  231.737571] cloud-init[657]: The key's randomart image is:
[  231.737804] cloud-init[657]: +--[ED25519 256]--+[0;32m  OK  [0m] Listening on Socket activation for snappy daemon.

[[  231.768751] cloud-init[657]: |  o*o+ .         |
[  231.769147] cloud-init[657]: | oooB =          |
[  231.772595] cloud-init[657]: |..+B o .         |
[  231.774763] cloud-init[657]: |.++ . oo .       |
[  231.774931] cloud-init[657]: |o.   ...S E      |
[0;32m  OK  [0m] Listening on LXD - unix socket.
[  231.775180] cloud-init[657]: |... .... o       |
[[  231.836440] cloud-init[657]: |o+  o.o..        |
[  231.836756] cloud-init[657]: |.o=. *o.         |
[  231.838105] cloud-init[657]: |=Bo==.+.         |
[  231.838746] cloud-init[657]: +----[SHA256]-----+
[0;32m  OK  [0m] Started Availability of block devices.
[[0;32m  OK  [0m] Reached target Sockets.
[[0;32m  OK  [0m] Reached target Basic System.
         Starting Permit User Sessions...
         Starting LXD - container startup/shutdown...
         Starting Accounts Service...
         Starting Dispatcher daemon for systemd-networkd...
         Starting System Logging Service...
[[0;32m  OK  [0m] Started Regular background program processing daemon.
         Starting Virtualbox guest utils...
         Starting LSB: Record successful boot for GRUB...
         Starting LSB: automatic crash report generation...
[[0;32m  OK  [0m] Started irqbalance daemon.
[[0;32m  OK  [0m] Started FUSE filesystem for LXC.
[[0;32m  OK  [0m] Started D-Bus System Message Bus.
         Starting Pollinate to seed the pseudo random number generator...
[[0;32m  OK  [0m] Started Deferred execution scheduler.
         Starting Login Service...
         Starting Snappy daemon...
[[0;32m  OK  [0m] Started System Logging Service.
[[0;32m  OK  [0m] Started Permit User Sessions.
         Starting Authorization Manager...
         Starting Terminate Plymouth Boot Screen...
         Starting Hold until boot process finishes up...
[[0;32m  OK  [0m] Started Terminate Plymouth Boot Screen.
[[0;32m  OK  [0m] Started Hold until boot process finishes up.
[[0;32m  OK  [0m] Started Serial Getty on ttyS0.
         Starting Set console scheme...
[[0;32m  OK  [0m] Started Set console scheme.
[[0;32m  OK  [0m] Created slice system-getty.slice.
[[0;32m  OK  [0m] Started Getty on tty1.
[[0;32m  OK  [0m] Reached target Login Prompts.
[[0;32m  OK  [0m] Started Login Service.
[[0;32m  OK  [0m] Started Unattended Upgrades Shutdown.
[[0;32m  OK  [0m] Started LSB: automatic crash report generation.

Ubuntu 18.04.2 LTS ubuntu-bionic ttyS0

ubuntu-bionic login: [  336.189769] cloud-init[1344]: Cloud-init v. 19.1-1-gbaa47854-0ubuntu1~18.04.1 running 'modules:config' at Tue, 25 Jun 2019 12:56:15 +0000. Up 321.54 seconds.
ci-info: no authorized ssh keys fingerprints found for user ubuntu.
<14>Jun 25 12:56:32 ec2: 
<14>Jun 25 12:56:32 ec2: #############################################################
<14>Jun 25 12:56:32 ec2: -----BEGIN SSH HOST KEY FINGERPRINTS-----
<14>Jun 25 12:56:32 ec2: 1024 SHA256:oYjyflTcVgShE9JVMiyicqx6S74i9LY3aZ60Sk+RrDg root@ubuntu-bionic (DSA)
<14>Jun 25 12:56:32 ec2: 256 SHA256:+Psyz4RGYnj+8FWUQ2d3DDFas/vk7Y4bCYSpT1r1awc root@ubuntu-bionic (ECDSA)
<14>Jun 25 12:56:32 ec2: 256 SHA256:2KPqqt6Xo+hpTGTF8bBYda7+WgQxajYWgxu6T/qVX8U root@ubuntu-bionic (ED25519)
<14>Jun 25 12:56:32 ec2: 2048 SHA256:Tmvykr70Nq9uxNiiAnl2XT3Dl4B833GRFzX8GEsB4cs root@ubuntu-bionic (RSA)
<14>Jun 25 12:56:32 ec2: -----END SSH HOST KEY FINGERPRINTS-----
<14>Jun 25 12:56:32 ec2: #############################################################
-----BEGIN SSH HOST KEY KEYS-----
ecdsa-sha2-nistp256 AAAAE2VjZHNhLXNoYTItbmlzdHAyNTYAAAAIbmlzdHAyNTYAAABBBLQqeYIef6bwsSjz/mCFwnnaxEdhN/cIhZhABMMoVX/gcqdwKMGoVKXFqKIz8gEBU0x4AR89OLHmb3V778AQuE0= root@ubuntu-bionic
ssh-ed25519 AAAAC3NzaC1lZDI1NTE5AAAAIC+L6AfR7c3TXKqNBYf4Ksu0jJPESRq++QceH9u+2Oio root@ubuntu-bionic
ssh-rsa AAAAB3NzaC1yc2EAAAADAQABAAABAQCui/Q7iPho4JSHTKOqWBQgjYVDHheWXgEsl5KRPAKZXDWwkuZplscxgg3vGJUv/Pw8ftd+WHA48OtBzzK8rR625/n+bxcuBzIyoCkiKBeoy9kJ8io3XH2iELv/cuT+kLINxP3SrQyQPpXABfL74umNy8xx6Hd3ldq5c7bns+SQakoFFvjzdT0fGCf6warfksMjm9DggXQiyxdIZCV2gYr+U8bCJU5oUErmng7W87cQMy+4lOKbSJ68ZdS5iNBTkQ+l6EN6uGYp+Yvw3HZIBAJNnpTQq9MYFQIz/CcfnN0k47J95YGx0DuxQ0PBd+LyUJas1v4NvNxVNywqi6YpxC6/ root@ubuntu-bionic
-----END SSH HOST KEY KEYS-----
[  338.326712] cloud-init[1404]: Cloud-init v. 19.1-1-gbaa47854-0ubuntu1~18.04.1 running 'modules:final' at Tue, 25 Jun 2019 12:56:30 +0000. Up 336.90 seconds.
[  338.326879] cloud-init[1404]: ci-info: no authorized ssh keys fingerprints found for user ubuntu.
[  338.326979] cloud-init[1404]: Cloud-init v. 19.1-1-gbaa47854-0ubuntu1~18.04.1 finished at Tue, 25 Jun 2019 12:56:32 +0000. Datasource DataSourceNoCloud [seed=/dev/sdb][dsmode=net].  Up 338.30 seconds
